<?xml version="1.0" encoding="UTF-8"?>
<!-- Generated by org.testng.reporters.JUnitXMLReporter -->
<testsuite hostname="LAPTOP-GAD15EJN" name="Test" tests="7" failures="0" timestamp="26 Nov 2019 00:58:48 GMT" time="1.105" errors="0">
  <testcase name="@BeforeTest Open" time="0.0" classname="shoppingCart.TestCartWithoutLogin">
    <failure type="java.lang.NullPointerException">
      <![CDATA[java.lang.NullPointerException
	at shoppingCart.TestCartWithoutLogin.Open(TestCartWithoutLogin.java:19)
... Removed 22 stack frames]]>
    </failure>
  </testcase> <!-- @BeforeTest Open -->
  <testcase name="@BeforeClass doBeforeClass" time="0.0" classname="shoppingCart.TestCartWithoutLogin">
    <skipped/>
  </testcase> <!-- @BeforeClass doBeforeClass -->
  <testcase name="@BeforeClass doBeforeClass" time="0.0" classname="shoppingCart.TestAddCart">
    <skipped/>
  </testcase> <!-- @BeforeClass doBeforeClass -->
  <testcase name="test_01ViewCart" time="0.006" classname="shoppingCart.TestCartWithoutLogin">
    <skipped/>
  </testcase> <!-- test_01ViewCart -->
  <testcase name="test_02AddCart" time="0.009" classname="shoppingCart.TestCartWithoutLogin">
    <skipped/>
  </testcase> <!-- test_02AddCart -->
  <testcase name="testLogin" time="0.008" classname="shoppingCart.TestAddCart">
    <skipped/>
  </testcase> <!-- testLogin -->
  <testcase name="test_01_add" time="0.006" classname="shoppingCart.TestAddCart">
    <skipped/>
  </testcase> <!-- test_01_add -->
  <testcase name="test_02_AddCartDifferentProperty" time="0.007" classname="shoppingCart.TestAddCart">
    <skipped/>
  </testcase> <!-- test_02_AddCartDifferentProperty -->
  <testcase name="test_02_AddCartDifferentProperty" time="0.006" classname="shoppingCart.TestAddCart">
    <skipped/>
  </testcase> <!-- test_02_AddCartDifferentProperty -->
  <testcase name="test_02_AddCartDifferentProperty" time="0.005" classname="shoppingCart.TestAddCart">
    <skipped/>
  </testcase> <!-- test_02_AddCartDifferentProperty -->
</testsuite> <!-- Test -->
