<?xml version="1.0" encoding="UTF-8"?>
<testng-results skipped="0" failed="0" total="15" passed="15">
  <reporter-output>
  </reporter-output>
  <suite name="Default suite" duration-ms="202162" started-at="2019-12-18T02:49:21Z" finished-at="2019-12-18T02:52:43Z">
    <groups>
    </groups>
    <test name="Default test" duration-ms="202162" started-at="2019-12-18T02:49:21Z" finished-at="2019-12-18T02:52:43Z">
      <class name="wxp_ShoppingCart.TestToPayAddAddress">
        <test-method status="PASS" signature="doBeforeClass()[pri:0, instance:wxp_ShoppingCart.TestToPayAddAddress@2ff4f00f]" name="doBeforeClass" is-config="true" duration-ms="8826" started-at="2019-12-18T10:49:21Z" finished-at="2019-12-18T10:49:30Z">
          <reporter-output>
          </reporter-output>
        </test-method> <!-- doBeforeClass -->
        <test-method status="PASS" signature="testLogin()[pri:0, instance:wxp_ShoppingCart.TestToPayAddAddress@2ff4f00f]" name="testLogin" duration-ms="18328" started-at="2019-12-18T10:49:30Z" description="登录" finished-at="2019-12-18T10:49:48Z">
          <reporter-output>
          </reporter-output>
        </test-method> <!-- testLogin -->
        <test-method status="PASS" signature="test_AddGood01()[pri:5, instance:wxp_ShoppingCart.TestToPayAddAddress@2ff4f00f]" name="test_AddGood01" duration-ms="33130" started-at="2019-12-18T10:49:48Z" description="加入购物车" finished-at="2019-12-18T10:50:21Z">
          <reporter-output>
          </reporter-output>
        </test-method> <!-- test_AddGood01 -->
        <test-method status="PASS" signature="testPaytotal()[pri:10, instance:wxp_ShoppingCart.TestToPayAddAddress@2ff4f00f]" name="testPaytotal" duration-ms="8397" started-at="2019-12-18T10:50:21Z" description="打开购物车，点击去结算，是否跳转成功" finished-at="2019-12-18T10:50:29Z">
          <reporter-output>
          </reporter-output>
        </test-method> <!-- testPaytotal -->
        <test-method status="PASS" signature="testAddAddressPass()[pri:15, instance:wxp_ShoppingCart.TestToPayAddAddress@2ff4f00f]" name="testAddAddressPass" duration-ms="8569" started-at="2019-12-18T10:50:29Z" description="结算商品，新增地址，正确的地址（成功）" finished-at="2019-12-18T10:50:38Z">
          <reporter-output>
          </reporter-output>
        </test-method> <!-- testAddAddressPass -->
        <test-method status="PASS" signature="test_AddAddressFail(java.lang.String, java.lang.String, java.lang.String, java.lang.String, java.lang.String, java.lang.String)[pri:20, instance:wxp_ShoppingCart.TestToPayAddAddress@2ff4f00f]" name="test_AddAddressFail" duration-ms="11239" started-at="2019-12-18T10:50:39Z" description="结算商品，新增地址，错误的手机号码" data-provider="address" finished-at="2019-12-18T10:50:50Z">
          <params>
            <param index="0">
              <value>
                <![CDATA[张三]]>
              </value>
            </param>
            <param index="1">
              <value>
                <![CDATA[12345733215]]>
              </value>
            </param>
            <param index="2">
              <value>
                <![CDATA[天津市]]>
              </value>
            </param>
            <param index="3">
              <value>
                <![CDATA[河东区]]>
              </value>
            </param>
            <param index="4">
              <value>
                <![CDATA[河北师范大学]]>
              </value>
            </param>
            <param index="5">
              <value>
                <![CDATA[64000]]>
              </value>
            </param>
          </params>
          <reporter-output>
          </reporter-output>
        </test-method> <!-- test_AddAddressFail -->
        <test-method status="PASS" signature="test_AddAddressFail(java.lang.String, java.lang.String, java.lang.String, java.lang.String, java.lang.String, java.lang.String)[pri:20, instance:wxp_ShoppingCart.TestToPayAddAddress@2ff4f00f]" name="test_AddAddressFail" duration-ms="11201" started-at="2019-12-18T10:50:50Z" description="结算商品，新增地址，错误的手机号码" data-provider="address" finished-at="2019-12-18T10:51:01Z">
          <params>
            <param index="0">
              <value>
                <![CDATA[王五]]>
              </value>
            </param>
            <param index="1">
              <value>
                <![CDATA[1456028ggff]]>
              </value>
            </param>
            <param index="2">
              <value>
                <![CDATA[天津市]]>
              </value>
            </param>
            <param index="3">
              <value>
                <![CDATA[河西区]]>
              </value>
            </param>
            <param index="4">
              <value>
                <![CDATA[河北师范大学12]]>
              </value>
            </param>
            <param index="5">
              <value>
                <![CDATA[64001]]>
              </value>
            </param>
          </params>
          <reporter-output>
          </reporter-output>
        </test-method> <!-- test_AddAddressFail -->
        <test-method status="PASS" signature="test_AddAddressFail(java.lang.String, java.lang.String, java.lang.String, java.lang.String, java.lang.String, java.lang.String)[pri:20, instance:wxp_ShoppingCart.TestToPayAddAddress@2ff4f00f]" name="test_AddAddressFail" duration-ms="11053" started-at="2019-12-18T10:51:01Z" description="结算商品，新增地址，错误的手机号码" data-provider="address" finished-at="2019-12-18T10:51:12Z">
          <params>
            <param index="0">
              <value>
                <![CDATA[李四]]>
              </value>
            </param>
            <param index="1">
              <value>
                <![CDATA[0315-996437567643425]]>
              </value>
            </param>
            <param index="2">
              <value>
                <![CDATA[天津市]]>
              </value>
            </param>
            <param index="3">
              <value>
                <![CDATA[南开区]]>
              </value>
            </param>
            <param index="4">
              <value>
                <![CDATA[河北师范大学3]]>
              </value>
            </param>
            <param index="5">
              <value>
                <![CDATA[64002]]>
              </value>
            </param>
          </params>
          <reporter-output>
          </reporter-output>
        </test-method> <!-- test_AddAddressFail -->
        <test-method status="PASS" signature="test_AddAddressFail(java.lang.String, java.lang.String, java.lang.String, java.lang.String, java.lang.String, java.lang.String)[pri:20, instance:wxp_ShoppingCart.TestToPayAddAddress@2ff4f00f]" name="test_AddAddressFail" duration-ms="10972" started-at="2019-12-18T10:51:12Z" description="结算商品，新增地址，错误的手机号码" data-provider="address" finished-at="2019-12-18T10:51:23Z">
          <params>
            <param index="0">
              <value>
                <![CDATA[柯南]]>
              </value>
            </param>
            <param index="1">
              <value>
                <![CDATA[12]]>
              </value>
            </param>
            <param index="2">
              <value>
                <![CDATA[北京市]]>
              </value>
            </param>
            <param index="3">
              <value>
                <![CDATA[西城区]]>
              </value>
            </param>
            <param index="4">
              <value>
                <![CDATA[河北师范大学7]]>
              </value>
            </param>
            <param index="5">
              <value>
                <![CDATA[64004]]>
              </value>
            </param>
          </params>
          <reporter-output>
          </reporter-output>
        </test-method> <!-- test_AddAddressFail -->
        <test-method status="PASS" signature="test_ClickGoBackCart()[pri:25, instance:wxp_ShoppingCart.TestToPayAddAddress@2ff4f00f]" name="test_ClickGoBackCart" duration-ms="4359" started-at="2019-12-18T10:51:23Z" description="点击 返回购物车 按钮" finished-at="2019-12-18T10:51:28Z">
          <reporter-output>
          </reporter-output>
        </test-method> <!-- test_ClickGoBackCart -->
        <test-method status="PASS" signature="testClickPaytotal()[pri:30, instance:wxp_ShoppingCart.TestToPayAddAddress@2ff4f00f]" name="testClickPaytotal" duration-ms="5550" started-at="2019-12-18T10:51:28Z" description="点击去结算，是否跳转成功" finished-at="2019-12-18T10:51:33Z">
          <reporter-output>
          </reporter-output>
        </test-method> <!-- testClickPaytotal -->
        <test-method status="PASS" signature="test_fix_ReceiptCompany()[pri:35, instance:wxp_ShoppingCart.TestToPayAddAddress@2ff4f00f]" name="test_fix_ReceiptCompany" duration-ms="10116" started-at="2019-12-18T10:51:33Z" description="修改 发票 单位 商品类别" finished-at="2019-12-18T10:51:43Z">
          <reporter-output>
          </reporter-output>
        </test-method> <!-- test_fix_ReceiptCompany -->
        <test-method status="PASS" signature="test_fix_ReceiptPerson(java.lang.String, java.lang.String)[pri:40, instance:wxp_ShoppingCart.TestToPayAddAddress@2ff4f00f]" name="test_fix_ReceiptPerson" duration-ms="13309" started-at="2019-12-18T10:51:43Z" description="修改 发票 个人 商品明细" data-provider="receipt" finished-at="2019-12-18T10:51:57Z">
          <params>
            <param index="0">
              <value>
                <![CDATA[detail_invoice]]>
              </value>
            </param>
            <param index="1">
              <value>
                <![CDATA[商品明细]]>
              </value>
            </param>
          </params>
          <reporter-output>
          </reporter-output>
        </test-method> <!-- test_fix_ReceiptPerson -->
        <test-method status="PASS" signature="test_fix_ReceiptPerson(java.lang.String, java.lang.String)[pri:40, instance:wxp_ShoppingCart.TestToPayAddAddress@2ff4f00f]" name="test_fix_ReceiptPerson" duration-ms="13306" started-at="2019-12-18T10:51:57Z" description="修改 发票 个人 商品明细" data-provider="receipt" finished-at="2019-12-18T10:52:10Z">
          <params>
            <param index="0">
              <value>
                <![CDATA[type_invoice]]>
              </value>
            </param>
            <param index="1">
              <value>
                <![CDATA[商品类别]]>
              </value>
            </param>
          </params>
          <reporter-output>
          </reporter-output>
        </test-method> <!-- test_fix_ReceiptPerson -->
        <test-method status="PASS" signature="test_fix_ReceiptPerson(java.lang.String, java.lang.String)[pri:40, instance:wxp_ShoppingCart.TestToPayAddAddress@2ff4f00f]" name="test_fix_ReceiptPerson" duration-ms="13249" started-at="2019-12-18T10:52:10Z" description="修改 发票 个人 商品明细" data-provider="receipt" finished-at="2019-12-18T10:52:23Z">
          <params>
            <param index="0">
              <value>
                <![CDATA[no_invoice]]>
              </value>
            </param>
            <param index="1">
              <value>
                <![CDATA[不开发票]]>
              </value>
            </param>
          </params>
          <reporter-output>
          </reporter-output>
        </test-method> <!-- test_fix_ReceiptPerson -->
        <test-method status="PASS" signature="test_fix_ReceiptCompany2()[pri:55, instance:wxp_ShoppingCart.TestToPayAddAddress@2ff4f00f]" name="test_fix_ReceiptCompany2" duration-ms="16440" started-at="2019-12-18T10:52:23Z" description="修改 发票 公司 " finished-at="2019-12-18T10:52:40Z">
          <reporter-output>
          </reporter-output>
        </test-method> <!-- test_fix_ReceiptCompany2 -->
        <test-method status="PASS" signature="doAfterMethod()[pri:0, instance:wxp_ShoppingCart.TestToPayAddAddress@2ff4f00f]" name="doAfterMethod" is-config="true" duration-ms="3275" started-at="2019-12-18T10:52:40Z" finished-at="2019-12-18T10:52:43Z">
          <reporter-output>
          </reporter-output>
        </test-method> <!-- doAfterMethod -->
      </class> <!-- wxp_ShoppingCart.TestToPayAddAddress -->
    </test> <!-- Default test -->
  </suite> <!-- Default suite -->
</testng-results>
