<?xml version="1.0" encoding="UTF-8"?>
<!-- Generated by org.testng.reporters.JUnitXMLReporter -->
<testsuite hostname="LAPTOP-GAD15EJN" name="Test" tests="55" failures="3" timestamp="18 Dec 2019 06:20:06 GMT" time="2.499" errors="0">
  <testcase name="testLoginSuccess" time="0.862" classname="interfacetest.Login"/>
  <testcase name="testLoginWrongPwd" time="0.011" classname="interfacetest.Login"/>
  <testcase name="testLoginWrongPhone" time="0.011" classname="interfacetest.Login"/>
  <testcase name="testLoginForWrongArea" time="0.009" classname="interfacetest.Login"/>
  <testcase name="testLoginForNullNumber" time="0.022" classname="interfacetest.Login"/>
  <testcase name="getAll" time="0.018" classname="interfacetest.SkuListInterfaceTest"/>
  <testcase name="getFail1" time="0.007" classname="interfacetest.SkuListInterfaceTest"/>
  <testcase name="getFail2" time="0.008" classname="interfacetest.SkuListInterfaceTest"/>
  <testcase name="getFail3" time="0.006" classname="interfacetest.SkuListInterfaceTest"/>
  <testcase name="getGoodId" time="0.006" classname="interfacetest.SkuListInterfaceTest"/>
  <testcase name="Tjaddress" time="0.013" classname="interfacetest.Jktest"/>
  <testcase name="Tjaddress" time="0.025" classname="interfacetest.Jktest">
    <failure type="java.lang.Exception" message="expectedValue doesn&amp;apos;t match actualValue,actual Value is :success; expected Value is :receiverName参数类型不正确">
      <![CDATA[java.lang.Exception: expectedValue doesn't match actualValue,actual Value is :success; expected Value is :receiverName参数类型不正确
	at com.edu.utils.Checker.verify(Checker.java:64)
	at com.edu.utils.Checker.verifyXpath(Checker.java:47)
	at interfacetest.Jktest.Tjaddress(Jktest.java:57)
... Removed 24 stack frames]]>
    </failure>
  </testcase> <!-- Tjaddress -->
  <testcase name="Tjaddress" time="0.033" classname="interfacetest.Jktest"/>
  <testcase name="Tjaddress" time="0.017" classname="interfacetest.Jktest"/>
  <testcase name="Tjaddress" time="0.014" classname="interfacetest.Jktest"/>
  <testcase name="Tjaddress" time="0.014" classname="interfacetest.Jktest"/>
  <testcase name="Tjaddress" time="0.019" classname="interfacetest.Jktest"/>
  <testcase name="Tjaddress" time="0.014" classname="interfacetest.Jktest">
    <failure type="java.lang.Exception" message="expectedValue doesn&amp;apos;t match actualValue,actual Value is :success; expected Value is :receiverName参数类型不正确">
      <![CDATA[java.lang.Exception: expectedValue doesn't match actualValue,actual Value is :success; expected Value is :receiverName参数类型不正确
	at com.edu.utils.Checker.verify(Checker.java:64)
	at com.edu.utils.Checker.verifyXpath(Checker.java:47)
	at interfacetest.Jktest.Tjaddress(Jktest.java:57)
... Removed 24 stack frames]]>
    </failure>
  </testcase> <!-- Tjaddress -->
  <testcase name="Tjaddress" time="0.02" classname="interfacetest.Jktest"/>
  <testcase name="Tjaddress" time="0.017" classname="interfacetest.Jktest"/>
  <testcase name="Tjaddress" time="0.024" classname="interfacetest.Jktest"/>
  <testcase name="Tjaddress" time="0.013" classname="interfacetest.Jktest"/>
  <testcase name="Tjaddress" time="0.014" classname="interfacetest.Jktest"/>
  <testcase name="Tjaddress" time="0.012" classname="interfacetest.Jktest"/>
  <testcase name="Tjaddress" time="0.013" classname="interfacetest.Jktest">
    <failure type="java.lang.Exception" message="expectedValue doesn&amp;apos;t match actualValue,actual Value is :success; expected Value is :请求参数不正确">
      <![CDATA[java.lang.Exception: expectedValue doesn't match actualValue,actual Value is :success; expected Value is :请求参数不正确
	at com.edu.utils.Checker.verify(Checker.java:64)
	at com.edu.utils.Checker.verifyXpath(Checker.java:47)
	at interfacetest.Jktest.Tjaddress(Jktest.java:57)
... Removed 24 stack frames]]>
    </failure>
  </testcase> <!-- Tjaddress -->
  <testcase name="NullLogin" time="0.009" classname="interfacetest.Sumbit"/>
  <testcase name="LoginFalse" time="0.016" classname="interfacetest.Sumbit"/>
  <testcase name="submitTest" time="0.018" classname="interfacetest.Sumbit"/>
  <testcase name="submitTest" time="0.017" classname="interfacetest.Sumbit"/>
  <testcase name="submitTest" time="0.018" classname="interfacetest.Sumbit"/>
  <testcase name="submitTest" time="0.017" classname="interfacetest.Sumbit"/>
  <testcase name="submitTest" time="0.025" classname="interfacetest.Sumbit"/>
  <testcase name="submitTest" time="0.024" classname="interfacetest.Sumbit"/>
  <testcase name="submitTest" time="0.027" classname="interfacetest.Sumbit"/>
  <testcase name="submitTest" time="0.035" classname="interfacetest.Sumbit"/>
  <testcase name="submitTest" time="0.018" classname="interfacetest.Sumbit"/>
  <testcase name="addressList" time="0.008" classname="interfacetest.TestaddressList"/>
  <testcase name="wrongAddressList" time="0.01" classname="interfacetest.TestaddressList"/>
  <testcase name="testDelete1" time="0.01" classname="interfacetest.TestDelete"/>
  <testcase name="testDelete2" time="0.01" classname="interfacetest.TestDelete"/>
  <testcase name="testDelete3" time="0.007" classname="interfacetest.TestDelete"/>
  <testcase name="testDelete4" time="0.009" classname="interfacetest.TestDelete"/>
  <testcase name="testDelete5" time="0.018" classname="interfacetest.TestDelete"/>
  <testcase name="testDelete6" time="0.017" classname="interfacetest.TestDelete"/>
  <testcase name="testDelete7" time="0.019" classname="interfacetest.TestDelete"/>
  <testcase name="testDelete8" time="0.016" classname="interfacetest.TestDelete"/>
  <testcase name="testDelete9" time="0.022" classname="interfacetest.TestDelete"/>
  <testcase name="test1" time="0.027" classname="interfacetest.TestTransFree"/>
  <testcase name="test2" time="0.011" classname="interfacetest.TestTransFree"/>
  <testcase name="test3" time="0.024" classname="interfacetest.TestTransFree"/>
  <testcase name="testScene01" time="0.035" classname="interfacetest.SceneTest"/>
  <testcase name="testScene02" time="0.037" classname="interfacetest.SceneTest"/>
  <testcase name="testScene03" time="0.042" classname="interfacetest.SceneTest"/>
  <testcase name="testScene04" time="0.021" classname="interfacetest.SceneTest"/>
  <testcase name="testScene05" time="0.044" classname="interfacetest.SceneTest"/>
</testsuite> <!-- Test -->
